build/app/intermediates/manifest_merge_blame_file/release/manifest-merger-blame-release-report.txt
1<?xml version="1.0" encoding="utf-8"?>
2<manifest xmlns:android="http://schemas.android.com/apk/res/android"
3    package="com.example.geburtstags_app"
4    android:versionCode="1"
5    android:versionName="1.0.0" >
6
7    <uses-sdk
8        android:minSdkVersion="21"
9        android:targetSdkVersion="35" />
10
11    <permission
11-->[androidx.core:core:1.13.1] AndroidManifest.xml:22:5-24:47
12        android:name="com.example.geburtstags_app.DYNAMIC_RECEIVER_NOT_EXPORTED_PERMISSION"
12-->[androidx.core:core:1.13.1] AndroidManifest.xml:23:9-81
13        android:protectionLevel="signature" />
13-->[androidx.core:core:1.13.1] AndroidManifest.xml:24:9-44
14
15    <uses-permission android:name="com.example.geburtstags_app.DYNAMIC_RECEIVER_NOT_EXPORTED_PERMISSION" />
15-->[androidx.core:core:1.13.1] AndroidManifest.xml:26:5-97
15-->[androidx.core:core:1.13.1] AndroidManifest.xml:26:22-94
16
17    <application
18        android:name="android.app.Application"
18-->src/main/AndroidManifest.xml:4:9-42
19        android:appComponentFactory="androidx.core.app.CoreComponentFactory"
19-->[androidx.core:core:1.13.1] AndroidManifest.xml:28:18-86
20        android:extractNativeLibs="true"
21        android:icon="@mipmap/ic_launcher"
21-->src/main/AndroidManifest.xml:5:9-43
22        android:label="Geburtstags App" >
22-->src/main/AndroidManifest.xml:3:9-40
23        <activity
23-->src/main/AndroidManifest.xml:6:9-26:20
24            android:name="com.example.geburtstags_app.MainActivity"
24-->src/main/AndroidManifest.xml:7:13-41
25            android:configChanges="orientation|keyboardHidden|keyboard|screenSize|smallestScreenSize|locale|layoutDirection|fontScale|screenLayout|density|uiMode"
25-->src/main/AndroidManifest.xml:11:13-163
26            android:exported="true"
26-->src/main/AndroidManifest.xml:8:13-36
27            android:hardwareAccelerated="true"
27-->src/main/AndroidManifest.xml:12:13-47
28            android:launchMode="singleTop"
28-->src/main/AndroidManifest.xml:9:13-43
29            android:theme="@style/LaunchTheme"
29-->src/main/AndroidManifest.xml:10:13-47
30            android:windowSoftInputMode="adjustResize" >
30-->src/main/AndroidManifest.xml:13:13-55
31
32            <!--
33                 Specifies an Android theme to apply to this Activity as soon as
34                 the Android process has started. This theme is visible to the user
35                 while the Flutter UI initializes. After that, this theme continues
36                 to determine the Window background behind the Flutter UI.
37            -->
38            <meta-data
38-->src/main/AndroidManifest.xml:18:13-21:17
39                android:name="io.flutter.embedding.android.NormalTheme"
39-->src/main/AndroidManifest.xml:19:15-70
40                android:resource="@style/NormalTheme" />
40-->src/main/AndroidManifest.xml:20:15-52
41
42            <intent-filter>
42-->src/main/AndroidManifest.xml:22:13-25:29
43                <action android:name="android.intent.action.MAIN" />
43-->src/main/AndroidManifest.xml:23:17-68
43-->src/main/AndroidManifest.xml:23:25-66
44
45                <category android:name="android.intent.category.LAUNCHER" />
45-->src/main/AndroidManifest.xml:24:17-76
45-->src/main/AndroidManifest.xml:24:27-74
46            </intent-filter>
47        </activity>
48        <!--
49             Don't delete the meta-data below.
50             This is used by the Flutter tool to generate GeneratedPluginRegistrant.java
51        -->
52        <meta-data
52-->src/main/AndroidManifest.xml:29:9-31:33
53            android:name="flutterEmbedding"
53-->src/main/AndroidManifest.xml:30:13-44
54            android:value="2" />
54-->src/main/AndroidManifest.xml:31:13-30
55        <!--
56           Declares a provider which allows us to store files to share in
57           '.../caches/share_plus' and grant the receiving action access
58        -->
59        <provider
59-->[:share_plus] AndroidManifest.xml:13:9-21:20
60            android:name="dev.fluttercommunity.plus.share.ShareFileProvider"
60-->[:share_plus] AndroidManifest.xml:14:13-77
61            android:authorities="com.example.geburtstags_app.flutter.share_provider"
61-->[:share_plus] AndroidManifest.xml:15:13-74
62            android:exported="false"
62-->[:share_plus] AndroidManifest.xml:16:13-37
63            android:grantUriPermissions="true" >
63-->[:share_plus] AndroidManifest.xml:17:13-47
64            <meta-data
64-->[:share_plus] AndroidManifest.xml:18:13-20:68
65                android:name="android.support.FILE_PROVIDER_PATHS"
65-->[:share_plus] AndroidManifest.xml:19:17-67
66                android:resource="@xml/flutter_share_file_paths" />
66-->[:share_plus] AndroidManifest.xml:20:17-65
67        </provider>
68        <!--
69           This manifest declared broadcast receiver allows us to use an explicit
70           Intent when creating a PendingItent to be informed of the user's choice
71        -->
72        <receiver
72-->[:share_plus] AndroidManifest.xml:26:9-32:20
73            android:name="dev.fluttercommunity.plus.share.SharePlusPendingIntent"
73-->[:share_plus] AndroidManifest.xml:27:13-82
74            android:exported="false" >
74-->[:share_plus] AndroidManifest.xml:28:13-37
75            <intent-filter>
75-->[:share_plus] AndroidManifest.xml:29:13-31:29
76                <action android:name="EXTRA_CHOSEN_COMPONENT" />
76-->[:share_plus] AndroidManifest.xml:30:17-65
76-->[:share_plus] AndroidManifest.xml:30:25-62
77            </intent-filter>
78        </receiver>
79
80        <uses-library
80-->[androidx.window:window:1.2.0] AndroidManifest.xml:23:9-25:40
81            android:name="androidx.window.extensions"
81-->[androidx.window:window:1.2.0] AndroidManifest.xml:24:13-54
82            android:required="false" />
82-->[androidx.window:window:1.2.0] AndroidManifest.xml:25:13-37
83        <uses-library
83-->[androidx.window:window:1.2.0] AndroidManifest.xml:26:9-28:40
84            android:name="androidx.window.sidecar"
84-->[androidx.window:window:1.2.0] AndroidManifest.xml:27:13-51
85            android:required="false" />
85-->[androidx.window:window:1.2.0] AndroidManifest.xml:28:13-37
86
87        <provider
87-->[androidx.lifecycle:lifecycle-process:2.7.0] AndroidManifest.xml:24:9-32:20
88            android:name="androidx.startup.InitializationProvider"
88-->[androidx.lifecycle:lifecycle-process:2.7.0] AndroidManifest.xml:25:13-67
89            android:authorities="com.example.geburtstags_app.androidx-startup"
89-->[androidx.lifecycle:lifecycle-process:2.7.0] AndroidManifest.xml:26:13-68
90            android:exported="false" >
90-->[androidx.lifecycle:lifecycle-process:2.7.0] AndroidManifest.xml:27:13-37
91            <meta-data
91-->[androidx.lifecycle:lifecycle-process:2.7.0] AndroidManifest.xml:29:13-31:52
92                android:name="androidx.lifecycle.ProcessLifecycleInitializer"
92-->[androidx.lifecycle:lifecycle-process:2.7.0] AndroidManifest.xml:30:17-78
93                android:value="androidx.startup" />
93-->[androidx.lifecycle:lifecycle-process:2.7.0] AndroidManifest.xml:31:17-49
94            <meta-data
94-->[androidx.profileinstaller:profileinstaller:1.3.1] AndroidManifest.xml:29:13-31:52
95                android:name="androidx.profileinstaller.ProfileInstallerInitializer"
95-->[androidx.profileinstaller:profileinstaller:1.3.1] AndroidManifest.xml:30:17-85
96                android:value="androidx.startup" />
96-->[androidx.profileinstaller:profileinstaller:1.3.1] AndroidManifest.xml:31:17-49
97        </provider>
98
99        <receiver
99-->[androidx.profileinstaller:profileinstaller:1.3.1] AndroidManifest.xml:34:9-52:20
100            android:name="androidx.profileinstaller.ProfileInstallReceiver"
100-->[androidx.profileinstaller:profileinstaller:1.3.1] AndroidManifest.xml:35:13-76
101            android:directBootAware="false"
101-->[androidx.profileinstaller:profileinstaller:1.3.1] AndroidManifest.xml:36:13-44
102            android:enabled="true"
102-->[androidx.profileinstaller:profileinstaller:1.3.1] AndroidManifest.xml:37:13-35
103            android:exported="true"
103-->[androidx.profileinstaller:profileinstaller:1.3.1] AndroidManifest.xml:38:13-36
104            android:permission="android.permission.DUMP" >
104-->[androidx.profileinstaller:profileinstaller:1.3.1] AndroidManifest.xml:39:13-57
105            <intent-filter>
105-->[androidx.profileinstaller:profileinstaller:1.3.1] AndroidManifest.xml:40:13-42:29
106                <action android:name="androidx.profileinstaller.action.INSTALL_PROFILE" />
106-->[androidx.profileinstaller:profileinstaller:1.3.1] AndroidManifest.xml:41:17-91
106-->[androidx.profileinstaller:profileinstaller:1.3.1] AndroidManifest.xml:41:25-88
107            </intent-filter>
108            <intent-filter>
108-->[androidx.profileinstaller:profileinstaller:1.3.1] AndroidManifest.xml:43:13-45:29
109                <action android:name="androidx.profileinstaller.action.SKIP_FILE" />
109-->[androidx.profileinstaller:profileinstaller:1.3.1] AndroidManifest.xml:44:17-85
109-->[androidx.profileinstaller:profileinstaller:1.3.1] AndroidManifest.xml:44:25-82
110            </intent-filter>
111            <intent-filter>
111-->[androidx.profileinstaller:profileinstaller:1.3.1] AndroidManifest.xml:46:13-48:29
112                <action android:name="androidx.profileinstaller.action.SAVE_PROFILE" />
112-->[androidx.profileinstaller:profileinstaller:1.3.1] AndroidManifest.xml:47:17-88
112-->[androidx.profileinstaller:profileinstaller:1.3.1] AndroidManifest.xml:47:25-85
113            </intent-filter>
114            <intent-filter>
114-->[androidx.profileinstaller:profileinstaller:1.3.1] AndroidManifest.xml:49:13-51:29
115                <action android:name="androidx.profileinstaller.action.BENCHMARK_OPERATION" />
115-->[androidx.profileinstaller:profileinstaller:1.3.1] AndroidManifest.xml:50:17-95
115-->[androidx.profileinstaller:profileinstaller:1.3.1] AndroidManifest.xml:50:25-92
116            </intent-filter>
117        </receiver>
118    </application>
119
120</manifest>